make all --print-data-base --no-builtin-variables --no-builtin-rules --question
make: *** No rule to make target 'all'.  Stop.

# GNU Make 4.2.1
# Built for x86_64-pc-linux-gnu
# Copyright (C) 1988-2016 Free Software Foundation, Inc.
# License GPLv3+: GNU GPL version 3 or later <http://gnu.org/licenses/gpl.html>
# This is free software: you are free to change and redistribute it.
# There is NO WARRANTY, to the extent permitted by law.

# Make data base, printed on Mon Jun 20 19:23:36 2022

# Variables

# 'override' directive
GNUMAKEFLAGS := 
# automatic
<D = $(patsubst %/,%,$(dir $<))
# automatic
?F = $(notdir $?)
# environment
DESKTOP_SESSION = ubuntu
# default
.SHELLFLAGS := -c
# environment
XDG_SESSION_CLASS = user
# environment
SNAP_COMMON = /var/snap/code/common
# environment
XDG_SESSION_TYPE = x11
# environment
VSCODE_LOG_NATIVE = false
# automatic
?D = $(patsubst %/,%,$(dir $?))
# environment
IM_CONFIG_PHASE = 1
# automatic
@D = $(patsubst %/,%,$(dir $@))
# environment
XAUTHORITY = /run/user/1000/gdm/Xauthority
# environment
GDMSESSION = ubuntu
# environment
XMODIFIERS = @im=ibus
# makefile
CURDIR := /home/lucas/Desktop/Taller I/Dune2000/src/Client-Model
# makefile (from 'Makefile', line 4)
UNIT_FILES = ../Model/Entities/unit.cpp ../Model/Entities/teamable.cpp ../Model/Weapons/weapon.cpp
# makefile
SHELL = /bin/sh
# environment
SNAP_DATA = /var/snap/code/99
# environment
VSCODE_NLS_CONFIG = {"locale":"en-us","availableLanguages":{},"_languagePackSupport":true}
# environment
JOURNAL_STREAM = 8:38897
# makefile (from 'Makefile', line 1)
CFLAGS = -Wall -Werror -pedantic -pedantic-errors -std=c++17
# environment
XDG_CONFIG_DIRS = /etc/xdg/xdg-ubuntu:/etc/xdg
# environment
SNAP_INSTANCE_NAME = code
# environment
SNAP_ARCH = amd64
# makefile (from 'Makefile', line 1)
MAKEFILE_LIST :=  Makefile
# environment
JAVA_HOME = /home/lucas/.sdkman/candidates/java/current
# automatic
@F = $(notdir $@)
# environment
GIO_LAUNCHED_DESKTOP_FILE = /var/lib/snapd/desktop/applications/code_code.desktop
# makefile (from 'Makefile', line 3)
MAP_FILES = ../Model/Map/terrain_map.cpp ../Model/Map/block_position.cpp ../Model/Map/path_node.cpp
# environment
USERNAME = lucas
# environment
MAKELEVEL := 0
# environment
MANDATORY_PATH = /usr/share/gconf/ubuntu.mandatory.path
# environment
XDG_DATA_DIRS = /usr/share/ubuntu:/usr/local/share/:/usr/share/:/var/lib/snapd/desktop
# environment
DBUS_SESSION_BUS_ADDRESS = unix:path=/run/user/1000/bus
# environment
VSCODE_VERBOSE_LOGGING = true
# environment
_ = /snap/code/99/usr/share/code/code
# environment
MANAGERPID = 1375
# makefile (from 'Makefile', line 12)
BUILDS_FILES = common_build.cpp common_windtrap.cpp
# environment
LESSOPEN = | /usr/bin/lesspipe %s
# environment
LC_NAME = es_AR.UTF-8
# environment
VSCODE_CWD = /home/lucas
# environment
GSETTINGS_SCHEMA_DIR = /snap/code/99/usr/share/glib-2.0/schemas
# default
MAKE_HOST := x86_64-pc-linux-gnu
# environment
PATH = /home/lucas/.local/bin:/home/lucas/.sdkman/candidates/java/current/bin:/home/lucas/.sdkman/candidates/groovy/current/bin:/home/lucas/.sdkman/candidates/grails/current/bin:/home/lucas/.local/bin:/home/lucas/.local/bin:/usr/local/sbin:/usr/local/bin:/usr/sbin:/usr/bin:/sbin:/bin:/usr/games:/usr/local/games:/snap/bin
# environment
GPG_AGENT_INFO = /run/user/1000/gnupg/S.gpg-agent:0:1
# environment
SESSION_MANAGER = local/lucas-B85M-D3H-A:@/tmp/.ICE-unix/1690,unix/lucas-B85M-D3H-A:/tmp/.ICE-unix/1690
# environment
XDG_RUNTIME_DIR = /run/user/1000
# environment
GDK_PIXBUF_MODULE_FILE = /home/lucas/snap/code/common/.cache/gdk-pixbuf-loaders.cache
# environment
SNAP = /snap/code/99
# environment
SDKMAN_DIR = /home/lucas/.sdkman
# environment
SDKMAN_CANDIDATES_API = https://api.sdkman.io/2
# environment
SNAP_VERSION = 30d9c6cd
# environment
XDG_MENU_PREFIX = gnome-
# environment
SDKMAN_PLATFORM = linuxx64
# environment
VSCODE_LOG_STACK = false
# environment
DISABLE_WAYLAND = 1
# environment
ELECTRON_RUN_AS_NODE = 1
# environment
INVOCATION_ID = ab02e4a754b64be2afc3e5dcc9e43178
# environment
GDK_PIXBUF_MODULEDIR = /snap/code/99/usr/lib/x86_64-linux-gnu/gdk-pixbuf-2.0/2.10.0/loaders
# default
.FEATURES := target-specific order-only second-expansion else-if shortest-stem undefine oneshell archives jobserver output-sync check-symlink load
# environment
LS_COLORS = 
# environment
XDG_SESSION_DESKTOP = ubuntu
# environment
SSH_AUTH_SOCK = /run/user/1000/keyring/ssh
# environment
GIO_LAUNCHED_DESKTOP_FILE_PID = 12100
# automatic
%F = $(notdir $%)
# makefile (from 'Makefile', line 8)
SRV_FILES = ../Server/mock_server.cpp ../Server/control_unit.cpp ../Server/entity_factory.cpp ../Server/configuration_loader.cpp
# environment
DISPLAY = :0
# environment
VSCODE_PIPE_LOGGING = true
# environment
SNAP_INSTANCE_KEY = 
# environment
PWD = /home/lucas/Desktop/Taller I/Dune2000/src/Client-Model
# makefile (from 'Makefile', line 9)
CLIENT_FILES = client_class.cpp common_camera.cpp common_game_screen.cpp common_ground.cpp common_model.cpp common_protocol.cpp common_pointer.cpp common_selector.cpp common_frames.cpp Button.cpp Button.h ConstructionMenu.cpp ConstructionMenu.h BuildingImageHandler.cpp BuildingImageHandler.h UnitImageHandler.cpp UnitImageHandler.h VehicleImageHandler.cpp VehicleImageHandler.h  UnitButton.h UnitButton.cpp
# environment
GROOVY_HOME = /home/lucas/.sdkman/candidates/groovy/current
# default
.LOADED := 
# environment
SSH_AGENT_PID = 1653
# environment
ORIGINAL_XDG_CURRENT_DESKTOP = ubuntu:GNOME
# makefile (from 'Makefile', line 11)
WEAPONS_FILES = common_assault.cpp common_canyon.cpp
# environment
GTK_MODULES = gail:atk-bridge
# environment
VSCODE_AMD_ENTRYPOINT = vs/workbench/api/node/extensionHostProcess
# environment
HOME = /home/lucas
# environment
LESSCLOSE = /usr/bin/lesspipe %s %s
# makefile (from 'Makefile', line 5)
INFANTRY_FILES = ../Model/Entities/light_infantry.cpp ../Model/Mobility/infantry_mobility.cpp
# environment
VSCODE_CLI = 1
# environment
VSCODE_CODE_CACHE_PATH = /home/lucas/.config/Code/CachedData/30d9c6cd9483b2cc586687151bcbcd635f373630
# environment
LOGNAME = lucas
# environment
APPLICATION_INSIGHTS_NO_DIAGNOSTIC_CHANNEL = 1
# environment
SNAP_LIBRARY_PATH = /var/lib/snapd/lib/gl:/var/lib/snapd/lib/gl32:/var/lib/snapd/void
# environment
SNAP_CONTEXT = QTlEglPx84aMa0suHGVg6E8HRUsui5Lre2jR5cEHag5fgaooWRlE
# automatic
+F = $(notdir $+)
# environment
ELECTRON_NO_ATTACH_CONSOLE = 1
# environment
SNAP_USER_COMMON = /home/lucas/snap/code/common
# environment
VSCODE_HANDLES_UNCAUGHT_ERRORS = true
# environment
GNOME_DESKTOP_SESSION_ID = this-is-deprecated
# automatic
^D = $(patsubst %/,%,$(dir $^))
# environment
LC_TIME = es_AR.UTF-8
# environment
SNAP_REAL_HOME = /home/lucas
# environment
SDKMAN_VERSION = 5.15.0
# default
MAKE = $(MAKE_COMMAND)
# default
MAKECMDGOALS := all
# environment
QT_IM_MODULE = ibus
# environment
SNAP_USER_DATA = /home/lucas/snap/code/99
# environment
SHLVL = 0
# environment
GNOME_SHELL_SESSION_MODE = ubuntu
# environment
VSCODE_IPC_HOOK_EXTHOST = /run/user/1000/vscode-ipc-1c4a5dcb-342c-4c9c-a840-7e6a9a8c139e.sock
# default
MAKE_VERSION := 4.2.1
# environment
USER = lucas
# environment
SNAP_REVISION = 99
# environment
LC_MONETARY = es_AR.UTF-8
# makefile
.DEFAULT_GOAL := client
# environment
XDG_CURRENT_DESKTOP = Unity
# automatic
%D = $(patsubst %/,%,$(dir $%))
# environment
LC_TELEPHONE = es_AR.UTF-8
# default
MAKE_COMMAND := make
# default
.VARIABLES := 
# automatic
*F = $(notdir $*)
# environment
VSCODE_IPC_HOOK = /run/user/1000/vscode-f23a0542-1.68.1-main.sock
# environment
BAMF_DESKTOP_FILE_HINT = /var/lib/snapd/desktop/applications/code_code.desktop
# makefile
MAKEFLAGS = pqrR
# environment
MFLAGS = -pqrR
# automatic
*D = $(patsubst %/,%,$(dir $*))
# makefile (from 'Makefile', line 10)
UNITS_FILES = common_tank.cpp common_trike.cpp common_unit.cpp 
# automatic
+D = $(patsubst %/,%,$(dir $+))
# environment
GDK_BACKEND = x11
# environment
GRAILS_HOME = /home/lucas/.sdkman/candidates/grails/current
# environment
LC_PAPER = es_AR.UTF-8
# environment
LC_IDENTIFICATION = es_AR.UTF-8
# environment
QT_ACCESSIBILITY = 1
# environment
DEFAULTS_PATH = /usr/share/gconf/ubuntu.default.path
# default
MAKEFILES := 
# environment
SNAP_COOKIE = QTlEglPx84aMa0suHGVg6E8HRUsui5Lre2jR5cEHag5fgaooWRlE
# environment
LC_NUMERIC = es_AR.UTF-8
# makefile (from 'Makefile', line 6)
VEHICLE_FILES = ../Model/Entities/tank.cpp ../Model/Mobility/vehicle_mobility.cpp
# automatic
<F = $(notdir $<)
# environment
LC_MEASUREMENT = es_AR.UTF-8
# environment
SNAP_NAME = code
# environment
SDKMAN_CANDIDATES_DIR = /home/lucas/.sdkman/candidates
# makefile (from 'Makefile', line 7)
WEAPON_FILES = ../Model/Weapons/assault_rifle.cpp ../Model/Weapons/cannon.cpp
# environment
LC_ALL = C
# environment
GJS_DEBUG_TOPICS = JS ERROR;JS LOG
# makefile (from 'Makefile', line 2)
LIBS = -lsfml-graphics -lsfml-audio -lsfml-window -lsfml-system
# automatic
^F = $(notdir $^)
# default
SUFFIXES := 
# environment
SNAP_REEXEC = 
# environment
CHROME_DESKTOP = code-url-handler.desktop
# environment
WINDOWPATH = 2
# default
.INCLUDE_DIRS = /usr/include /usr/local/include /usr/include
# environment
GJS_DEBUG_OUTPUT = stderr
# default
.RECIPEPREFIX := 
# environment
LC_ADDRESS = es_AR.UTF-8
# environment
LANG = C
# environment
VSCODE_PID = 12149
# variable set hash-table stats:
# Load=151/1024=15%, Rehash=0, Collisions=25/186=13%

# Pattern-specific Variable Values

# No pattern-specific variable values.

# Directories

# . (device 2066, inode 16515199): 54 files, no impossibilities.

# 54 files, no impossibilities in 1 directories.

# Implicit Rules

# No implicit rules.

# Files

# Not a target:
common_pointer.cpp:
#  Implicit rule search has not been done.
#  Modification time never checked.
#  File has not been updated.

# Not a target:
../Model/Map/terrain_map.cpp:
#  Implicit rule search has not been done.
#  Modification time never checked.
#  File has not been updated.

# Not a target:
../Server/mock_server.cpp:
#  Implicit rule search has not been done.
#  Modification time never checked.
#  File has not been updated.

# Not a target:
common_windtrap.cpp:
#  Implicit rule search has not been done.
#  Modification time never checked.
#  File has not been updated.

# Not a target:
all:
#  Command line target.
#  Implicit rule search has been done.
#  File does not exist.
#  File has not been updated.

client: client_main.cpp client_class.cpp common_camera.cpp common_game_screen.cpp common_ground.cpp common_model.cpp common_protocol.cpp common_pointer.cpp common_selector.cpp common_frames.cpp Button.cpp Button.h ConstructionMenu.cpp ConstructionMenu.h BuildingImageHandler.cpp BuildingImageHandler.h UnitImageHandler.cpp UnitImageHandler.h VehicleImageHandler.cpp VehicleImageHandler.h UnitButton.h UnitButton.cpp ../Server/mock_server.cpp ../Server/control_unit.cpp ../Server/entity_factory.cpp ../Server/configuration_loader.cpp ../Model/Entities/light_infantry.cpp ../Model/Mobility/infantry_mobility.cpp ../Model/Entities/tank.cpp ../Model/Mobility/vehicle_mobility.cpp ../Model/Weapons/assault_rifle.cpp ../Model/Weapons/cannon.cpp ../Model/Entities/unit.cpp ../Model/Entities/teamable.cpp ../Model/Weapons/weapon.cpp ../Model/Map/terrain_map.cpp ../Model/Map/block_position.cpp ../Model/Map/path_node.cpp common_tank.cpp common_trike.cpp common_unit.cpp common_assault.cpp common_canyon.cpp common_build.cpp common_windtrap.cpp
#  Implicit rule search has not been done.
#  Modification time never checked.
#  File has not been updated.
#  recipe to execute (from 'Makefile', line 17):
	g++ $(CFLAGS) -o client client_main.cpp $(CLIENT_FILES) $(SRV_FILES) $(INFANTRY_FILES) $(VEHICLE_FILES) $(WEAPON_FILES) $(UNIT_FILES) $(MAP_FILES) $(UNITS_FILES) $(LIBS) $(WEAPONS_FILES) $(BUILDS_FILES)

# Not a target:
../Model/Mobility/infantry_mobility.cpp:
#  Implicit rule search has not been done.
#  Modification time never checked.
#  File has not been updated.

# Not a target:
common_ground.cpp:
#  Implicit rule search has not been done.
#  Modification time never checked.
#  File has not been updated.

# Not a target:
common_selector.cpp:
#  Implicit rule search has not been done.
#  Modification time never checked.
#  File has not been updated.

 
# Not a target:
../Model/Weapons/weapon.cpp:
#  Implicit rule search has not been done.
#  Modification time never checked.
#  File has not been updated.

# Not a target:
../Server/configuration_loader.cpp:
#  Implicit rule search has not been done.
#  Modification time never checked.
#  File has not been updated.

# Not a target:
../Model/Weapons/assault_rifle.cpp:
#  Implicit rule search has not been done.
#  Modification time never checked.
#  File has not been updated.

# Not a target:
Makefile:
#  Implicit rule search has been done.
#  Last modified 2022-06-20 18:18:17.658225707
#  File has been updated.
#  Successfully updated.

# Not a target:
client_class.cpp:
#  Implicit rule search has not been done.
#  Modification time never checked.
#  File has not been updated.

# Not a target:
common_build.cpp:
#  Implicit rule search has not been done.
#  Modification time never checked.
#  File has not been updated.

# Not a target:
Button.h:
#  Implicit rule search has not been done.
#  Modification time never checked.
#  File has not been updated.

# Not a target:
Button.cpp:
#  Implicit rule search has not been done.
#  Modification time never checked.
#  File has not been updated.

# Not a target:
../Server/control_unit.cpp:
#  Implicit rule search has not been done.
#  Modification time never checked.
#  File has not been updated.

# Not a target:
client_main.cpp:
#  Implicit rule search has not been done.
#  Modification time never checked.
#  File has not been updated.

# Not a target:
../Model/Entities/tank.cpp:
#  Implicit rule search has not been done.
#  Modification time never checked.
#  File has not been updated.

# Not a target:
UnitButton.h:
#  Implicit rule search has not been done.
#  Modification time never checked.
#  File has not been updated.

# Not a target:
../Model/Map/path_node.cpp:
#  Implicit rule search has not been done.
#  Modification time never checked.
#  File has not been updated.

# Not a target:
common_frames.cpp:
#  Implicit rule search has not been done.
#  Modification time never checked.
#  File has not been updated.

# Not a target:
common_assault.cpp:
#  Implicit rule search has not been done.
#  Modification time never checked.
#  File has not been updated.

# Not a target:
UnitButton.cpp:
#  Implicit rule search has not been done.
#  Modification time never checked.
#  File has not been updated.

# Not a target:
common_model.cpp:
#  Implicit rule search has not been done.
#  Modification time never checked.
#  File has not been updated.

# Not a target:
BuildingImageHandler.h:
#  Implicit rule search has not been done.
#  Modification time never checked.
#  File has not been updated.

# Not a target:
../Model/Entities/unit.cpp:
#  Implicit rule search has not been done.
#  Modification time never checked.
#  File has not been updated.

# Not a target:
ConstructionMenu.h:
#  Implicit rule search has not been done.
#  Modification time never checked.
#  File has not been updated.

# Not a target:
.DEFAULT:
#  Implicit rule search has not been done.
#  Modification time never checked.
#  File has not been updated.

# Not a target:
BuildingImageHandler.cpp:
#  Implicit rule search has not been done.
#  Modification time never checked.
#  File has not been updated.

# Not a target:
common_camera.cpp:
#  Implicit rule search has not been done.
#  Modification time never checked.
#  File has not been updated.

# Not a target:
ConstructionMenu.cpp:
#  Implicit rule search has not been done.
#  Modification time never checked.
#  File has not been updated.

# Not a target:
VehicleImageHandler.h:
#  Implicit rule search has not been done.
#  Modification time never checked.
#  File has not been updated.

# Not a target:
UnitImageHandler.h:
#  Implicit rule search has not been done.
#  Modification time never checked.
#  File has not been updated.

# Not a target:
../Model/Entities/light_infantry.cpp:
#  Implicit rule search has not been done.
#  Modification time never checked.
#  File has not been updated.

# Not a target:
VehicleImageHandler.cpp:
#  Implicit rule search has not been done.
#  Modification time never checked.
#  File has not been updated.

# Not a target:
UnitImageHandler.cpp:
#  Implicit rule search has not been done.
#  Modification time never checked.
#  File has not been updated.

# Not a target:
../Model/Mobility/vehicle_mobility.cpp:
#  Implicit rule search has not been done.
#  Modification time never checked.
#  File has not been updated.

# Not a target:
common_protocol.cpp:
#  Implicit rule search has not been done.
#  Modification time never checked.
#  File has not been updated.

# Not a target:
common_trike.cpp:
#  Implicit rule search has not been done.
#  Modification time never checked.
#  File has not been updated.

# Not a target:
../Model/Weapons/cannon.cpp:
#  Implicit rule search has not been done.
#  Modification time never checked.
#  File has not been updated.

# Not a target:
common_game_screen.cpp:
#  Implicit rule search has not been done.
#  Modification time never checked.
#  File has not been updated.

# Not a target:
common_unit.cpp:
#  Implicit rule search has not been done.
#  Modification time never checked.
#  File has not been updated.

# Not a target:
../Model/Map/block_position.cpp:
#  Implicit rule search has not been done.
#  Modification time never checked.
#  File has not been updated.

# Not a target:
../Server/entity_factory.cpp:
#  Implicit rule search has not been done.
#  Modification time never checked.
#  File has not been updated.

# Not a target:
common_tank.cpp:
#  Implicit rule search has not been done.
#  Modification time never checked.
#  File has not been updated.

# Not a target:
../Model/Entities/teamable.cpp:
#  Implicit rule search has not been done.
#  Modification time never checked.
#  File has not been updated.

# Not a target:
common_canyon.cpp:
#  Implicit rule search has not been done.
#  Modification time never checked.
#  File has not been updated.

# files hash-table stats:
# Load=50/1024=5%, Rehash=0, Collisions=11/105=10%
# VPATH Search Paths

# No 'vpath' search paths.

# No general ('VPATH' variable) search path.

# strcache buffers: 1 (0) / strings = 76 / storage = 1421 B / avg = 18 B
# current buf: size = 8162 B / used = 1421 B / count = 76 / avg = 18 B

# strcache performance: lookups = 110 / hit rate = 30%
# hash-table stats:
# Load=76/8192=1%, Rehash=0, Collisions=1/110=1%
# Finished Make data base on Mon Jun 20 19:23:36 2022

 
